145
93
144
96
198
179
169
158
73
93
151
167
163
183
150
156
124
179
168
116
105
220
168
50
185
123
236
144
181
186
162
203
153
83
160
179
117
186
116
216
137
188
171
56
218
148
190
133
194
143
113
188
149
156
246
154
162
166
164
63
209
163
73
222
158
181
150
293
118
217
129
137
173
145
162
156
204
168
154
216
158
243
216
110
248
181
89
159
239
71
151
79
185
177
146
128
182
256
140
220
210
143
232
123
153
123
68
147
252
127
253
179
166
151
246
145
162
130
219
166
235
189
232
151
186
162
153
119
131
246
167
180
110
163
134
263
124
59
208
83
186
115
159
174
115
154
204
204
123
149
225
177
138
107
154
107
69
167
244
80
93
149
262
98
217
150
350
170
208
88
159
218
78
203
258
108
156
154
199
180
176
162
125
193
260
87
255
235
116
153
155
70
193
179
140
189
112
86
265
208
